app/build/outputs/logs/manifest-merger-debug-report.txt
-- Merging decision tree log ---
manifest
ADDED from src\main\AndroidManifest.xml:1:1-22:12
	package
		ADDED from src\main\AndroidManifest.xml:2:5-53
		INJECTED from src\main\AndroidManifest.xml
		INJECTED from src\main\AndroidManifest.xml
	android:versionName
		ADDED from src\main\AndroidManifest.xml:4:5-32
	android:versionCode
		ADDED from src\main\AndroidManifest.xml:3:5-28
		INJECTED from src\main\AndroidManifest.xml
		INJECTED from src\main\AndroidManifest.xml
	xmlns:android
		ADDED from src\main\AndroidManifest.xml:1:11-69
uses-sdk
ADDED from src\main\AndroidManifest.xml:6:5-8:41
	android:targetSdkVersion
		ADDED from src\main\AndroidManifest.xml:8:9-38
		INJECTED from src\main\AndroidManifest.xml
		INJECTED from src\main\AndroidManifest.xml
	android:minSdkVersion
		ADDED from src\main\AndroidManifest.xml:7:9-35
		INJECTED from src\main\AndroidManifest.xml
		INJECTED from src\main\AndroidManifest.xml
application
ADDED from src\main\AndroidManifest.xml:10:5-20:19
	android:label
		ADDED from src\main\AndroidManifest.xml:13:9-41
	android:allowBackup
		ADDED from src\main\AndroidManifest.xml:11:9-35
	android:icon
		ADDED from src\main\AndroidManifest.xml:12:9-45
	android:theme
		ADDED from src\main\AndroidManifest.xml:14:9-40
meta-data#xposedmodule
ADDED from src\main\AndroidManifest.xml:15:9-70
	android:value
		ADDED from src\main\AndroidManifest.xml:15:20-40
	android:name
		ADDED from src\main\AndroidManifest.xml:15:41-68
meta-data#xposedminversion
ADDED from src\main\AndroidManifest.xml:16:9-74
	android:value
		ADDED from src\main\AndroidManifest.xml:16:20-40
	android:name
		ADDED from src\main\AndroidManifest.xml:16:41-72
meta-data#xposeddescription
ADDED from src\main\AndroidManifest.xml:17:9-19:54
	android:value
		ADDED from src\main\AndroidManifest.xml:18:13-105
	android:name
		ADDED from src\main\AndroidManifest.xml:19:20-52